<?xml version="1.0" encoding="UTF-8"?>
<testng-results skipped="0" failed="0" total="6" passed="6">
  <reporter-output>
  </reporter-output>
  <suite name="Default suite" duration-ms="242" started-at="2018-10-14T10:18:51Z" finished-at="2018-10-14T10:18:51Z">
    <groups>
    </groups>
    <test name="Default test" duration-ms="242" started-at="2018-10-14T10:18:51Z" finished-at="2018-10-14T10:18:51Z">
      <class name="data_Driven.ClassB">
        <test-method status="PASS" signature="tc(java.lang.String, java.lang.String)[pri:0, instance:data_Driven.ClassB@6f7fd0e6]" name="tc" duration-ms="12" started-at="2018-10-14T15:48:51Z" data-provider="data_1" finished-at="2018-10-14T15:48:51Z">
          <params>
            <param index="0">
              <value>
                <![CDATA[My]]>
              </value>
            </param>
            <param index="1">
              <value>
                <![CDATA[Name]]>
              </value>
            </param>
          </params>
          <reporter-output>
          </reporter-output>
        </test-method> <!-- tc -->
        <test-method status="PASS" signature="tc(java.lang.String, java.lang.String)[pri:0, instance:data_Driven.ClassB@6f7fd0e6]" name="tc" duration-ms="2" started-at="2018-10-14T15:48:51Z" data-provider="data_1" finished-at="2018-10-14T15:48:51Z">
          <params>
            <param index="0">
              <value>
                <![CDATA[Is]]>
              </value>
            </param>
            <param index="1">
              <value>
                <![CDATA[Jitender]]>
              </value>
            </param>
          </params>
          <reporter-output>
          </reporter-output>
        </test-method> <!-- tc -->
        <test-method status="PASS" signature="tc(java.lang.String, java.lang.String)[pri:0, instance:data_Driven.ClassB@6f7fd0e6]" name="tc" duration-ms="2" started-at="2018-10-14T15:48:51Z" data-provider="data_1" finished-at="2018-10-14T15:48:51Z">
          <params>
            <param index="0">
              <value>
                <![CDATA[Ahuja]]>
              </value>
            </param>
            <param index="1">
              <value>
                <![CDATA[I]]>
              </value>
            </param>
          </params>
          <reporter-output>
          </reporter-output>
        </test-method> <!-- tc -->
        <test-method status="PASS" signature="tc(java.lang.String, java.lang.String)[pri:0, instance:data_Driven.ClassB@6f7fd0e6]" name="tc" duration-ms="3" started-at="2018-10-14T15:48:51Z" data-provider="data_1" finished-at="2018-10-14T15:48:51Z">
          <params>
            <param index="0">
              <value>
                <![CDATA[Work]]>
              </value>
            </param>
            <param index="1">
              <value>
                <![CDATA[For]]>
              </value>
            </param>
          </params>
          <reporter-output>
          </reporter-output>
        </test-method> <!-- tc -->
        <test-method status="PASS" signature="tc(java.lang.String, java.lang.String)[pri:0, instance:data_Driven.ClassB@6f7fd0e6]" name="tc" duration-ms="6" started-at="2018-10-14T15:48:51Z" data-provider="data_1" finished-at="2018-10-14T15:48:51Z">
          <params>
            <param index="0">
              <value>
                <![CDATA[Goibibo]]>
              </value>
            </param>
            <param index="1">
              <value>
                <![CDATA[Testing]]>
              </value>
            </param>
          </params>
          <reporter-output>
          </reporter-output>
        </test-method> <!-- tc -->
        <test-method status="PASS" signature="tc(java.lang.String, java.lang.String)[pri:0, instance:data_Driven.ClassB@6f7fd0e6]" name="tc" duration-ms="4" started-at="2018-10-14T15:48:51Z" data-provider="data_1" finished-at="2018-10-14T15:48:51Z">
          <params>
            <param index="0">
              <value>
                <![CDATA[Team]]>
              </value>
            </param>
            <param index="1">
              <value>
                <![CDATA[Thanks]]>
              </value>
            </param>
          </params>
          <reporter-output>
          </reporter-output>
        </test-method> <!-- tc -->
      </class> <!-- data_Driven.ClassB -->
    </test> <!-- Default test -->
  </suite> <!-- Default suite -->
</testng-results>
