<?xml version="1.0" encoding="UTF-8"?>
<!-- Generated by org.testng.reporters.JUnitXMLReporter -->
<testsuite hostname="Jitender" name="Default test" tests="6" failures="0" timestamp="14 Oct 2018 10:18:51 GMT" time="0.242" errors="0">
  <testcase name="tc" time="0.012" classname="data_Driven.ClassB"/>
  <testcase name="tc" time="0.002" classname="data_Driven.ClassB"/>
  <testcase name="tc" time="0.002" classname="data_Driven.ClassB"/>
  <testcase name="tc" time="0.003" classname="data_Driven.ClassB"/>
  <testcase name="tc" time="0.006" classname="data_Driven.ClassB"/>
  <testcase name="tc" time="0.004" classname="data_Driven.ClassB"/>
</testsuite> <!-- Default test -->
